<?xml version="1.0" encoding="UTF-8"?>
<!-- Generated by org.testng.reporters.JUnitReportReporter -->
<testsuite skipped="0" hostname="INLN50943242A" name="New.FrameKill" tests="1" failures="0" timestamp="26 Jun 2017 12:57:42 GMT" time="19.382" errors="0">
  <testcase name="f" time="19.382" classname="New.FrameKill"/>
</testsuite> <!-- New.FrameKill -->
