<?xml version="1.0" encoding="UTF-8"?>
<!-- Generated by org.testng.reporters.JUnitReportReporter -->
<testsuite skipped="0" hostname="INLN50943242A" name="New.StockChampion1" tests="1" failures="0" timestamp="04 Jul 2017 06:04:47 GMT" time="28.084" errors="0">
  <testcase name="f" time="28.084" classname="New.StockChampion1"/>
</testsuite> <!-- New.StockChampion1 -->
