<?xml version="1.0" encoding="UTF-8"?>
<!-- Generated by org.testng.reporters.JUnitReportReporter -->
<testsuite skipped="0" hostname="INLN50943242A" name="New.StockChampion" tests="1" failures="0" timestamp="27 Jul 2017 05:49:29 GMT" time="15.275" errors="0">
  <testcase name="f" time="15.275" classname="New.StockChampion"/>
</testsuite> <!-- New.StockChampion -->
