<?xml version="1.0" encoding="UTF-8"?>
<!-- Generated by org.testng.reporters.JUnitReportReporter -->
<testsuite name="New.you" tests="1" time="12.590" ignored="0" failures="0" timestamp="03 Apr 2017 14:16:58 GMT" skipped="0" hostname="INLN50943242A" errors="0">
  <testcase name="test" time="12.590" classname="New.you"/>
</testsuite> <!-- New.you -->
