<?xml version="1.0" encoding="UTF-8"?>
<!-- Generated by org.testng.reporters.JUnitReportReporter -->
<testsuite skipped="0" hostname="INLN50943242A" name="New.first" tests="2" failures="0" timestamp="26 Jun 2017 15:46:04 GMT" time="0.011" errors="0">
  <testcase name="test" time="0.007" classname="New.first"/>
  <testcase name="testing" time="0.004" classname="New.first"/>
</testsuite> <!-- New.first -->
