<?xml version="1.0" encoding="UTF-8"?>
<!-- Generated by org.testng.reporters.JUnitReportReporter -->
<testsuite skipped="0" hostname="INLN50943242A" name="New.NewTest" tests="1" failures="0" timestamp="19 Jun 2017 06:12:11 GMT" time="17.392" errors="0">
  <testcase name="f" time="17.392" classname="New.NewTest"/>
</testsuite> <!-- New.NewTest -->
